build/app/intermediates/manifest_merge_blame_file/debug/manifest-merger-blame-debug-report.txt
1<?xml version="1.0" encoding="utf-8"?>
2<manifest xmlns:android="http://schemas.android.com/apk/res/android"
3    package="com.example.appcsmju"
4    android:versionCode="1"
5    android:versionName="1.0.0" >
6
7    <uses-sdk
8        android:minSdkVersion="22"
9        android:targetSdkVersion="31" />
10    <!--
11         Flutter needs it to communicate with the running application
12         to allow setting breakpoints, to provide hot reload, etc.
13    -->
14    <uses-permission android:name="android.permission.INTERNET" />
14-->src\main\AndroidManifest.xml:5:5-67
14-->src\main\AndroidManifest.xml:5:22-64
15    <uses-permission android:name="android.permission.ACCESS_NETWORK_STATE" />
15-->src\main\AndroidManifest.xml:6:5-79
15-->src\main\AndroidManifest.xml:6:22-76
16    <uses-permission android:name="android.permission.CAMERA" />
16-->[:barcode_scan2] AndroidManifest.xml:7:5-65
16-->[:barcode_scan2] AndroidManifest.xml:7:22-62
17
18    <application
18-->src\main\AndroidManifest.xml:8:4-53:19
19        android:appComponentFactory="androidx.core.app.CoreComponentFactory"
19-->[androidx.core:core:1.8.0] AndroidManifest.xml:24:18-86
20        android:debuggable="true"
21        android:icon="@mipmap/ic_launcher"
21-->src\main\AndroidManifest.xml:10:9-43
22        android:label="CsmjuApp"
22-->src\main\AndroidManifest.xml:9:9-33
23        android:usesCleartextTraffic="true" >
23-->src\main\AndroidManifest.xml:11:9-44
24        <activity
24-->src\main\AndroidManifest.xml:14:9-43:20
25            android:name="com.example.appcsmju.MainActivity"
25-->src\main\AndroidManifest.xml:15:13-41
26            android:configChanges="orientation|keyboardHidden|keyboard|screenSize|smallestScreenSize|locale|layoutDirection|fontScale|screenLayout|density|uiMode"
26-->src\main\AndroidManifest.xml:18:13-163
27            android:hardwareAccelerated="true"
27-->src\main\AndroidManifest.xml:19:13-47
28            android:launchMode="singleTop"
28-->src\main\AndroidManifest.xml:16:13-43
29            android:theme="@style/LaunchTheme"
29-->src\main\AndroidManifest.xml:17:13-47
30            android:windowSoftInputMode="adjustResize" >
30-->src\main\AndroidManifest.xml:20:13-55
31
32            <!--
33                 Specifies an Android theme to apply to this Activity as soon as
34                 the Android process has started. This theme is visible to the user
35                 while the Flutter UI initializes. After that, this theme continues
36                 to determine the Window background behind the Flutter UI.
37            -->
38            <meta-data
38-->src\main\AndroidManifest.xml:26:13-29:17
39                android:name="io.flutter.embedding.android.NormalTheme"
39-->src\main\AndroidManifest.xml:27:15-70
40                android:resource="@style/NormalTheme" />
40-->src\main\AndroidManifest.xml:28:15-52
41            <!--
42                 Displays an Android View that continues showing the launch screen
43                 Drawable until Flutter paints its first frame, then this splash
44                 screen fades out. A splash screen is useful to avoid any visual
45                 gap between the end of Android's launch screen and the painting of
46                 Flutter's first frame.
47            -->
48            <meta-data
48-->src\main\AndroidManifest.xml:35:13-38:17
49                android:name="io.flutter.embedding.android.SplashScreenDrawable"
49-->src\main\AndroidManifest.xml:36:15-79
50                android:resource="@drawable/launch_background" />
50-->src\main\AndroidManifest.xml:37:15-61
51
52            <intent-filter>
52-->src\main\AndroidManifest.xml:39:13-42:29
53                <action android:name="android.intent.action.MAIN" />
53-->src\main\AndroidManifest.xml:40:17-68
53-->src\main\AndroidManifest.xml:40:25-66
54
55                <category android:name="android.intent.category.LAUNCHER" />
55-->src\main\AndroidManifest.xml:41:17-76
55-->src\main\AndroidManifest.xml:41:27-74
56            </intent-filter>
57        </activity>
58        <!--
59             Don't delete the meta-data below.
60             This is used by the Flutter tool to generate GeneratedPluginRegistrant.java
61        -->
62        <meta-data
62-->src\main\AndroidManifest.xml:46:9-48:33
63            android:name="flutterEmbedding"
63-->src\main\AndroidManifest.xml:47:13-44
64            android:value="2" />
64-->src\main\AndroidManifest.xml:48:13-30
65        <!--
66            <uses-permission android:name="android.permission.WRITE_EXTERNAL_STORAGE" />
67            <uses-permission android:name="android.permission.READ_EXTERNAL_STORAGE" />
68            <uses-permission android:name="android.permission.CAMERA" />
69        -->
70
71        <provider
71-->[:image_picker_android] AndroidManifest.xml:8:9-16:20
72            android:name="io.flutter.plugins.imagepicker.ImagePickerFileProvider"
72-->[:image_picker_android] AndroidManifest.xml:9:13-82
73            android:authorities="com.example.appcsmju.flutter.image_provider"
73-->[:image_picker_android] AndroidManifest.xml:10:13-74
74            android:exported="false"
74-->[:image_picker_android] AndroidManifest.xml:11:13-37
75            android:grantUriPermissions="true" >
75-->[:image_picker_android] AndroidManifest.xml:12:13-47
76            <meta-data
76-->[:image_picker_android] AndroidManifest.xml:13:13-15:75
77                android:name="android.support.FILE_PROVIDER_PATHS"
77-->[:image_picker_android] AndroidManifest.xml:14:17-67
78                android:resource="@xml/flutter_image_picker_file_paths" />
78-->[:image_picker_android] AndroidManifest.xml:15:17-72
79        </provider>
80
81        <activity
81-->[:url_launcher_android] AndroidManifest.xml:8:9-11:74
82            android:name="io.flutter.plugins.urllauncher.WebViewActivity"
82-->[:url_launcher_android] AndroidManifest.xml:9:13-74
83            android:exported="false"
83-->[:url_launcher_android] AndroidManifest.xml:10:13-37
84            android:theme="@android:style/Theme.NoTitleBar.Fullscreen" />
84-->[:url_launcher_android] AndroidManifest.xml:11:13-71
85        <activity android:name="de.mintware.barcode_scan.BarcodeScannerActivity" />
85-->[:barcode_scan2] AndroidManifest.xml:10:9-84
85-->[:barcode_scan2] AndroidManifest.xml:10:19-81
86
87        <provider
87-->[com.sangcomz:FishBun:0.11.2] AndroidManifest.xml:12:9-20:20
88            android:name="com.sangcomz.fishbun.FishBunFileProvider"
88-->[com.sangcomz:FishBun:0.11.2] AndroidManifest.xml:13:13-68
89            android:authorities="com.example.appcsmju.fishbunfileprovider"
89-->[com.sangcomz:FishBun:0.11.2] AndroidManifest.xml:14:13-71
90            android:exported="false"
90-->[com.sangcomz:FishBun:0.11.2] AndroidManifest.xml:15:13-37
91            android:grantUriPermissions="true" >
91-->[com.sangcomz:FishBun:0.11.2] AndroidManifest.xml:16:13-47
92            <meta-data
92-->[:image_picker_android] AndroidManifest.xml:13:13-15:75
93                android:name="android.support.FILE_PROVIDER_PATHS"
93-->[:image_picker_android] AndroidManifest.xml:14:17-67
94                android:resource="@xml/provider_paths" />
94-->[:image_picker_android] AndroidManifest.xml:15:17-72
95        </provider>
96
97        <activity
97-->[com.sangcomz:FishBun:0.11.2] AndroidManifest.xml:22:9-25:51
98            android:name="com.sangcomz.fishbun.ui.album.AlbumActivity"
98-->[com.sangcomz:FishBun:0.11.2] AndroidManifest.xml:23:13-71
99            android:label="@string/album"
99-->[com.sangcomz:FishBun:0.11.2] AndroidManifest.xml:24:13-42
100            android:theme="@style/FishBunTheme" />
100-->[com.sangcomz:FishBun:0.11.2] AndroidManifest.xml:25:13-48
101        <activity
101-->[com.sangcomz:FishBun:0.11.2] AndroidManifest.xml:26:9-28:51
102            android:name="com.sangcomz.fishbun.ui.picker.PickerActivity"
102-->[com.sangcomz:FishBun:0.11.2] AndroidManifest.xml:27:13-73
103            android:theme="@style/FishBunTheme" />
103-->[com.sangcomz:FishBun:0.11.2] AndroidManifest.xml:28:13-48
104        <activity
104-->[com.sangcomz:FishBun:0.11.2] AndroidManifest.xml:29:9-31:54
105            android:name="com.sangcomz.fishbun.ui.detail.DetailActivity"
105-->[com.sangcomz:FishBun:0.11.2] AndroidManifest.xml:30:13-73
106            android:theme="@style/DetailViewTheme" />
106-->[com.sangcomz:FishBun:0.11.2] AndroidManifest.xml:31:13-51
107
108        <uses-library
108-->[androidx.window:window:1.0.0-beta04] AndroidManifest.xml:25:9-27:40
109            android:name="androidx.window.extensions"
109-->[androidx.window:window:1.0.0-beta04] AndroidManifest.xml:26:13-54
110            android:required="false" />
110-->[androidx.window:window:1.0.0-beta04] AndroidManifest.xml:27:13-37
111        <uses-library
111-->[androidx.window:window:1.0.0-beta04] AndroidManifest.xml:28:9-30:40
112            android:name="androidx.window.sidecar"
112-->[androidx.window:window:1.0.0-beta04] AndroidManifest.xml:29:13-51
113            android:required="false" />
113-->[androidx.window:window:1.0.0-beta04] AndroidManifest.xml:30:13-37
114    </application>
115
116</manifest>